2024-10-12 20:04:23,349 [INFO] Activator:176 - 


2024-10-12 20:04:23,360 [INFO] Activator:177 - !SESSION log4j initialized
2024-10-12 20:04:48,151 [INFO] LogOutputStream:77 - [STDOUT_REDIRECT] 
2024-10-12 20:06:30,947 [INFO] ApplicationProperties:184 - Using Application install path: C:\ST\STM32CubeIDE_1.3.0\STM32CubeIDE\plugins\com.st.stm32cube.common.mx_6.12.1.202409122256
2024-10-12 20:06:31,006 [INFO] DbMcusXml:78 - Set database path to: C:\ST\STM32CubeIDE_1.3.0\STM32CubeIDE\plugins\com.st.stm32cube.common.mx_6.12.1.202409122256\\db\/mcu/
2024-10-12 20:06:31,007 [INFO] ApiDb:274 - Set plugin database path to: C:\ST\STM32CubeIDE_1.3.0\STM32CubeIDE\plugins\com.st.stm32cube.common.mx_6.12.1.202409122256\\db\/plugins/boardmanager/
2024-10-12 20:06:31,008 [WARN] ApiDb:259 - Overriding images path with different value:  => C:\ST\STM32CubeIDE_1.3.0\STM32CubeIDE\plugins\com.st.stm32cube.common.mx_6.12.1.202409122256\\db\/plugins/mcufinder/images/
2024-10-12 20:06:38,530 [INFO] ApiDb:250 - Set database path to: C:\Users\vahid\.stmcufinder\plugins\mcufinder//mcu/
2024-10-12 20:06:38,532 [INFO] DbMcusAds:125 - Set database path to: C:\Users\vahid\.stmcufinder\plugins\mcufinder//mcu/
2024-10-12 20:06:38,786 [INFO] CrossReferenceDbSqlite:203 - Set database path to: C:\Users\vahid\.stmcufinder\plugins\mcufinder//mcu/cs/
2024-10-12 20:06:39,139 [INFO] RulesReader:64 - Compatibility file has been processed (297 Rules)
2024-10-12 20:06:39,294 [INFO] DbMcusXml:78 - Set database path to: C:\ST\STM32CubeIDE_1.3.0\STM32CubeIDE\plugins\com.st.stm32cube.common.mx_6.12.1.202409122256\\db\/mcu/
2024-10-12 20:06:39,294 [INFO] ApiDb:274 - Set plugin database path to: C:\ST\STM32CubeIDE_1.3.0\STM32CubeIDE\plugins\com.st.stm32cube.common.mx_6.12.1.202409122256\\db\/plugins/boardmanager/
2024-10-12 20:06:39,295 [INFO] ApiDb:261 - Set plugin images path to: C:\ST\STM32CubeIDE_1.3.0\STM32CubeIDE\plugins\com.st.stm32cube.common.mx_6.12.1.202409122256\\db\/plugins/mcufinder/images/
2024-10-12 20:06:39,295 [WARN] DbFile:41 - Overriding database path with different value: C:\Users\vahid\.stmcufinder\plugins\mcufinder/ => C:\Users\vahid\.stmcufinder\plugins\mcufinder
2024-10-12 20:06:39,295 [INFO] ApiDb:250 - Set database path to: C:\Users\vahid\.stmcufinder\plugins\mcufinder//mcu/
2024-10-12 20:06:39,295 [WARN] DbFile:41 - Overriding database path with different value: C:\Users\vahid\.stmcufinder\plugins\mcufinder/ => C:\Users\vahid\.stmcufinder\plugins\mcufinder
2024-10-12 20:06:39,295 [INFO] DbMcusAds:125 - Set database path to: C:\Users\vahid\.stmcufinder\plugins\mcufinder//mcu/
2024-10-12 20:06:39,295 [WARN] DbFile:41 - Overriding database path with different value: C:\Users\vahid\.stmcufinder\plugins\mcufinder/ => C:\Users\vahid\.stmcufinder\plugins\mcufinder
2024-10-12 20:06:39,296 [WARN] DbFile:41 - Overriding database path with different value: C:\Users\vahid\.stmcufinder\plugins\mcufinder/ => C:\Users\vahid\.stmcufinder\plugins\mcufinder
2024-10-12 20:06:39,296 [INFO] CrossReferenceDbSqlite:203 - Set database path to: C:\Users\vahid\.stmcufinder\plugins\mcufinder//mcu/cs/
2024-10-12 20:06:39,459 [INFO] MainPanel:268 - HeapMemory: 434110464
2024-10-12 20:06:39,706 [INFO] DbMcusXml:78 - Set database path to: C:\ST\STM32CubeIDE_1.3.0\STM32CubeIDE\plugins\com.st.stm32cube.common.mx_6.12.1.202409122256\\db\/mcu/
2024-10-12 20:06:39,707 [INFO] ApiDb:274 - Set plugin database path to: C:\ST\STM32CubeIDE_1.3.0\STM32CubeIDE\plugins\com.st.stm32cube.common.mx_6.12.1.202409122256\\db\/plugins/boardmanager/
2024-10-12 20:06:39,707 [INFO] ApiDb:261 - Set plugin images path to: C:\ST\STM32CubeIDE_1.3.0\STM32CubeIDE\plugins\com.st.stm32cube.common.mx_6.12.1.202409122256\\db\/plugins/mcufinder/images/
2024-10-12 20:06:39,708 [WARN] DbFile:41 - Overriding database path with different value: C:\Users\vahid\.stmcufinder\plugins\mcufinder/ => C:\Users\vahid\.stmcufinder\plugins\mcufinder
2024-10-12 20:06:39,708 [INFO] ApiDb:250 - Set database path to: C:\Users\vahid\.stmcufinder\plugins\mcufinder//mcu/
2024-10-12 20:06:39,708 [WARN] DbFile:41 - Overriding database path with different value: C:\Users\vahid\.stmcufinder\plugins\mcufinder/ => C:\Users\vahid\.stmcufinder\plugins\mcufinder
2024-10-12 20:06:39,708 [INFO] DbMcusAds:125 - Set database path to: C:\Users\vahid\.stmcufinder\plugins\mcufinder//mcu/
2024-10-12 20:06:39,709 [WARN] DbFile:41 - Overriding database path with different value: C:\Users\vahid\.stmcufinder\plugins\mcufinder/ => C:\Users\vahid\.stmcufinder\plugins\mcufinder
2024-10-12 20:06:39,709 [WARN] DbFile:41 - Overriding database path with different value: C:\Users\vahid\.stmcufinder\plugins\mcufinder/ => C:\Users\vahid\.stmcufinder\plugins\mcufinder
2024-10-12 20:06:39,709 [INFO] CrossReferenceDbSqlite:203 - Set database path to: C:\Users\vahid\.stmcufinder\plugins\mcufinder//mcu/cs/
2024-10-12 20:06:39,748 [INFO] ApplicationProperties:184 - Using Application install path: C:\ST\STM32CubeIDE_1.3.0\STM32CubeIDE\plugins\com.st.stm32cube.common.mx_6.12.1.202409122256
2024-10-12 20:06:39,751 [INFO] PluginManage:196 - Search for loadable plugins [exclusion list=, ]
2024-10-12 20:06:39,753 [INFO] PluginManage:310 - Check plugin analytics
2024-10-12 20:06:44,674 [INFO] AnalyticsPlugin:253 - Accepted Software Licenses: 
2024-10-12 20:06:44,675 [INFO] AnalyticsPlugin:255 - Accepted CMSIS Pack Licenses: 
2024-10-12 20:06:44,675 [INFO] AnalyticsPlugin:257 - Accepted Firmware Licenses: 
2024-10-12 20:06:44,697 [INFO] PluginManage:359 - Loaded plugin analytics (category:tool,tabindex:-1)
2024-10-12 20:06:44,698 [INFO] PluginManage:310 - Check plugin cadmodel
2024-10-12 20:06:44,729 [INFO] CADModel:105 - Init CAD model plugin
2024-10-12 20:06:44,729 [INFO] PluginManage:359 - Loaded plugin cadmodel (category:power,tabindex:5)
2024-10-12 20:06:44,729 [INFO] PluginManage:310 - Check plugin clock
2024-10-12 20:06:44,764 [INFO] PluginManage:359 - Loaded plugin clock (category:base,tabindex:2)
2024-10-12 20:06:44,764 [INFO] PluginManage:310 - Check plugin ddr
2024-10-12 20:06:44,767 [INFO] PluginManage:359 - Loaded plugin ddr (category:tool,tabindex:6)
2024-10-12 20:06:44,767 [INFO] PluginManage:310 - Check plugin filemanager
2024-10-12 20:06:45,170 [INFO] PluginManage:359 - Loaded plugin filemanager (category:base,tabindex:10)
2024-10-12 20:06:45,171 [INFO] PluginManage:310 - Check plugin ipmanager
2024-10-12 20:06:45,183 [INFO] PluginManage:359 - Loaded plugin ipmanager (category:base,tabindex:5)
2024-10-12 20:06:45,183 [INFO] PluginManage:310 - Check plugin lpbam
2024-10-12 20:06:45,214 [INFO] PluginManage:359 - Loaded plugin lpbam (category:base,tabindex:0)
2024-10-12 20:06:45,215 [INFO] PluginManage:310 - Check plugin memorymap
2024-10-12 20:06:45,252 [INFO] PluginManage:359 - Loaded plugin memorymap (category:base,tabindex:4)
2024-10-12 20:06:45,252 [INFO] PluginManage:310 - Check plugin pinoutandconfiguration
2024-10-12 20:06:45,281 [INFO] PluginManage:359 - Loaded plugin pinoutandconfiguration (category:base,tabindex:1)
2024-10-12 20:06:45,281 [INFO] PluginManage:310 - Check plugin pinoutconfig
2024-10-12 20:06:45,437 [WARN] SupportedApi:132 - Cannot load RTOS API schema: s4s-elt-must-match.1: The content of 'definitions' must match (annotation?, (simpleType | complexType)?, (unique | key | keyref)*)). A problem was found starting at: attribute.
2024-10-12 20:06:45,671 [INFO] PluginManage:359 - Loaded plugin pinoutconfig (category:base,tabindex:0)
2024-10-12 20:06:45,671 [INFO] PluginManage:310 - Check plugin power
2024-10-12 20:06:45,702 [INFO] PluginManage:359 - Loaded plugin power (category:power,tabindex:4)
2024-10-12 20:06:45,703 [INFO] PluginManage:310 - Check plugin projectmanager
2024-10-12 20:06:45,732 [INFO] PluginManage:359 - Loaded plugin projectmanager (category:projectmanager,tabindex:4)
2024-10-12 20:06:45,732 [INFO] PluginManage:310 - Check plugin rif
2024-10-12 20:06:45,760 [INFO] PluginManage:359 - Loaded plugin rif (category:base,tabindex:3)
2024-10-12 20:06:45,760 [INFO] PluginManage:310 - Check plugin thirdparty
2024-10-12 20:06:46,289 [INFO] PluginManage:359 - Loaded plugin thirdparty (category:base,tabindex:-1)
2024-10-12 20:06:46,289 [WARN] IntegrityCheckThread:84 - waiting for thirdparty lock release [integrity check]
2024-10-12 20:06:46,290 [INFO] IntegrityCheckThread:86 - entering critical section [integrity check]
2024-10-12 20:06:46,290 [INFO] PluginManage:310 - Check plugin tools
2024-10-12 20:06:46,290 [INFO] ThirdPartyUpdaterWithRetryManager:70 - Updater plugin not ready yet. [1/15]
2024-10-12 20:06:46,370 [INFO] PluginManage:359 - Loaded plugin tools (category:base,tabindex:7)
2024-10-12 20:06:46,370 [INFO] PluginManage:310 - Check plugin tutovideos
2024-10-12 20:06:46,727 [INFO] PluginManage:359 - Loaded plugin tutovideos (category:base,tabindex:-1)
2024-10-12 20:06:46,728 [INFO] PluginManage:310 - Check plugin updater
2024-10-12 20:06:46,820 [INFO] PluginManage:359 - Loaded plugin updater (category:base,tabindex:12)
2024-10-12 20:06:46,820 [INFO] PluginManage:310 - Check plugin userauth
2024-10-12 20:06:46,829 [INFO] UserAuth:113 - Init User Auth plugin
2024-10-12 20:06:46,829 [INFO] PluginManage:359 - Loaded plugin userauth (category:base,tabindex:14)
2024-10-12 20:06:46,833 [INFO] PluginManage:283 - PluginManage : Loaded plugins [18]
2024-10-12 20:06:47,334 [INFO] PinOutPanel:1561 - setPackage(No Configuration,No Configuration)
2024-10-12 20:06:47,574 [INFO] CADModel:165 - CPN selected for project level
2024-10-12 20:06:47,575 [INFO] CADModel:114 - Register for checkConnection events
2024-10-12 20:06:47,698 [INFO] IPUIPlugin:80 - create IPUIPlugin
2024-10-12 20:06:47,699 [INFO] PluginManager:220 - loadIPPluginJar : add adc
2024-10-12 20:06:47,926 [INFO] IPUIPlugin:80 - create IPUIPlugin
2024-10-12 20:06:47,926 [INFO] PluginManager:220 - loadIPPluginJar : add aes
2024-10-12 20:06:48,030 [INFO] IPUIPlugin:80 - create IPUIPlugin
2024-10-12 20:06:48,030 [INFO] PluginManager:220 - loadIPPluginJar : add can
2024-10-12 20:06:48,126 [INFO] IPUIPlugin:80 - create IPUIPlugin
2024-10-12 20:06:48,127 [INFO] PluginManager:220 - loadIPPluginJar : add comp
2024-10-12 20:06:48,212 [INFO] IPUIPlugin:80 - create IPUIPlugin
2024-10-12 20:06:48,212 [INFO] PluginManager:220 - loadIPPluginJar : add cryp
2024-10-12 20:06:48,237 [INFO] IPUIPlugin:80 - create IPUIPlugin
2024-10-12 20:06:48,237 [INFO] PluginManager:220 - loadIPPluginJar : add ddr_ctrl_phy
2024-10-12 20:06:48,319 [INFO] IPUIPlugin:80 - create IPUIPlugin
2024-10-12 20:06:48,319 [INFO] PluginManager:220 - loadIPPluginJar : add dfsdm
2024-10-12 20:06:48,350 [INFO] IPUIPlugin:80 - create IPUIPlugin
2024-10-12 20:06:48,351 [INFO] PluginManager:220 - loadIPPluginJar : add dma
2024-10-12 20:06:48,454 [INFO] IPUIPlugin:80 - create IPUIPlugin
2024-10-12 20:06:48,455 [INFO] PluginManager:220 - loadIPPluginJar : add dma3
2024-10-12 20:06:48,570 [INFO] IPUIPlugin:80 - create IPUIPlugin
2024-10-12 20:06:48,571 [INFO] PluginManager:220 - loadIPPluginJar : add extmemmanager
2024-10-12 20:06:48,620 [INFO] IPUIPlugin:80 - create IPUIPlugin
2024-10-12 20:06:48,620 [INFO] PluginManager:220 - loadIPPluginJar : add fatfs
2024-10-12 20:06:48,740 [INFO] IPUIPlugin:80 - create IPUIPlugin
2024-10-12 20:06:48,740 [INFO] PluginManager:220 - loadIPPluginJar : add fmc
2024-10-12 20:06:48,771 [INFO] IPUIPlugin:80 - create IPUIPlugin
2024-10-12 20:06:48,771 [INFO] PluginManager:220 - loadIPPluginJar : add freertos
2024-10-12 20:06:48,823 [INFO] IPUIPlugin:80 - create IPUIPlugin
2024-10-12 20:06:48,824 [INFO] PluginManager:220 - loadIPPluginJar : add genericplugin
2024-10-12 20:06:49,066 [INFO] IPUIPlugin:80 - create IPUIPlugin
2024-10-12 20:06:49,067 [INFO] PluginManager:220 - loadIPPluginJar : add gfxmmu
2024-10-12 20:06:49,294 [INFO] ThirdPartyUpdaterWithRetryManager:70 - Updater plugin not ready yet. [2/15]
2024-10-12 20:06:49,450 [INFO] IPUIPlugin:80 - create IPUIPlugin
2024-10-12 20:06:49,450 [INFO] PluginManager:220 - loadIPPluginJar : add gic
2024-10-12 20:06:49,485 [INFO] IPUIPlugin:80 - create IPUIPlugin
2024-10-12 20:06:49,485 [INFO] PluginManager:220 - loadIPPluginJar : add gpio
2024-10-12 20:06:49,770 [INFO] IPUIPlugin:80 - create IPUIPlugin
2024-10-12 20:06:49,770 [INFO] PluginManager:220 - loadIPPluginJar : add gtzc
2024-10-12 20:06:49,862 [INFO] IPUIPlugin:80 - create IPUIPlugin
2024-10-12 20:06:49,862 [INFO] PluginManager:220 - loadIPPluginJar : add hash
2024-10-12 20:06:50,047 [INFO] IPUIPlugin:80 - create IPUIPlugin
2024-10-12 20:06:50,047 [INFO] PluginManager:220 - loadIPPluginJar : add i2c
2024-10-12 20:06:50,193 [INFO] IPUIPlugin:80 - create IPUIPlugin
2024-10-12 20:06:50,193 [INFO] PluginManager:220 - loadIPPluginJar : add i2s
2024-10-12 20:06:50,320 [INFO] IPUIPlugin:80 - create IPUIPlugin
2024-10-12 20:06:50,320 [INFO] PluginManager:220 - loadIPPluginJar : add i3c
2024-10-12 20:06:50,614 [INFO] IPUIPlugin:80 - create IPUIPlugin
2024-10-12 20:06:50,614 [INFO] PluginManager:220 - loadIPPluginJar : add ipddr
2024-10-12 20:06:50,859 [INFO] IPUIPlugin:80 - create IPUIPlugin
2024-10-12 20:06:50,860 [INFO] PluginManager:220 - loadIPPluginJar : add linkedlist
2024-10-12 20:06:50,949 [INFO] IPUIPlugin:80 - create IPUIPlugin
2024-10-12 20:06:50,949 [INFO] PluginManager:220 - loadIPPluginJar : add lorawan
2024-10-12 20:06:51,047 [INFO] IPUIPlugin:80 - create IPUIPlugin
2024-10-12 20:06:51,048 [INFO] PluginManager:220 - loadIPPluginJar : add ltdc
2024-10-12 20:06:51,089 [INFO] IPUIPlugin:80 - create IPUIPlugin
2024-10-12 20:06:51,089 [INFO] PluginManager:220 - loadIPPluginJar : add mdma
2024-10-12 20:06:51,117 [INFO] IPUIPlugin:80 - create IPUIPlugin
2024-10-12 20:06:51,118 [INFO] PluginManager:220 - loadIPPluginJar : add nvic
2024-10-12 20:06:51,218 [INFO] IPUIPlugin:80 - create IPUIPlugin
2024-10-12 20:06:51,218 [INFO] PluginManager:220 - loadIPPluginJar : add opamp
2024-10-12 20:06:51,434 [INFO] IPUIPlugin:80 - create IPUIPlugin
2024-10-12 20:06:51,434 [INFO] PluginManager:220 - loadIPPluginJar : add openamp
2024-10-12 20:06:51,570 [INFO] IPUIPlugin:80 - create IPUIPlugin
2024-10-12 20:06:51,571 [INFO] PluginManager:220 - loadIPPluginJar : add pdm2pcm
2024-10-12 20:06:51,602 [INFO] IPUIPlugin:80 - create IPUIPlugin
2024-10-12 20:06:51,606 [INFO] PluginManager:220 - loadIPPluginJar : add plateformsettings
2024-10-12 20:06:51,666 [INFO] IPUIPlugin:80 - create IPUIPlugin
2024-10-12 20:06:51,667 [INFO] PluginManager:220 - loadIPPluginJar : add quadspi
2024-10-12 20:06:51,731 [INFO] IPUIPlugin:80 - create IPUIPlugin
2024-10-12 20:06:51,732 [INFO] PluginManager:220 - loadIPPluginJar : add radio
2024-10-12 20:06:51,757 [INFO] IPUIPlugin:80 - create IPUIPlugin
2024-10-12 20:06:51,758 [INFO] PluginManager:220 - loadIPPluginJar : add resmgrutility
2024-10-12 20:06:51,917 [INFO] IPUIPlugin:80 - create IPUIPlugin
2024-10-12 20:06:51,917 [INFO] PluginManager:220 - loadIPPluginJar : add sai
2024-10-12 20:06:52,009 [INFO] IPUIPlugin:80 - create IPUIPlugin
2024-10-12 20:06:52,009 [INFO] PluginManager:220 - loadIPPluginJar : add spi
2024-10-12 20:06:52,203 [INFO] IPUIPlugin:80 - create IPUIPlugin
2024-10-12 20:06:52,203 [INFO] PluginManager:220 - loadIPPluginJar : add stm32_wpan
2024-10-12 20:06:52,259 [INFO] IPUIPlugin:80 - create IPUIPlugin
2024-10-12 20:06:52,259 [INFO] PluginManager:220 - loadIPPluginJar : add tim
2024-10-12 20:06:52,295 [INFO] ThirdPartyUpdaterWithRetryManager:70 - Updater plugin not ready yet. [3/15]
2024-10-12 20:06:52,439 [INFO] IPUIPlugin:80 - create IPUIPlugin
2024-10-12 20:06:52,439 [INFO] PluginManager:220 - loadIPPluginJar : add touchsensing
2024-10-12 20:06:52,500 [INFO] IPUIPlugin:80 - create IPUIPlugin
2024-10-12 20:06:52,500 [INFO] PluginManager:220 - loadIPPluginJar : add tracer_emb
2024-10-12 20:06:52,559 [INFO] IPUIPlugin:80 - create IPUIPlugin
2024-10-12 20:06:52,559 [INFO] PluginManager:220 - loadIPPluginJar : add ts
2024-10-12 20:06:52,630 [INFO] IPUIPlugin:80 - create IPUIPlugin
2024-10-12 20:06:52,630 [INFO] PluginManager:220 - loadIPPluginJar : add tsc
2024-10-12 20:06:52,696 [INFO] IPUIPlugin:80 - create IPUIPlugin
2024-10-12 20:06:52,696 [INFO] PluginManager:220 - loadIPPluginJar : add ucpd
2024-10-12 20:06:52,813 [INFO] IPUIPlugin:80 - create IPUIPlugin
2024-10-12 20:06:52,814 [INFO] PluginManager:220 - loadIPPluginJar : add usart
2024-10-12 20:06:52,944 [INFO] IPUIPlugin:80 - create IPUIPlugin
2024-10-12 20:06:52,944 [INFO] PluginManager:220 - loadIPPluginJar : add usbx
2024-10-12 20:06:53,155 [INFO] CADModel:165 - CPN selected for project level
2024-10-12 20:06:53,156 [INFO] CADModel:114 - Register for checkConnection events
2024-10-12 20:06:53,156 [FATAL] Updater:334 - Updater called before beeing initialized
2024-10-12 20:06:53,156 [ERROR] CADModel:125 - Updater not yet initialized, retry later 
2024-10-12 20:06:53,361 [INFO] CADModel:165 - CPN selected for project level
2024-10-12 20:06:53,362 [INFO] CADModel:114 - Register for checkConnection events
2024-10-12 20:06:53,362 [FATAL] Updater:334 - Updater called before beeing initialized
2024-10-12 20:06:53,362 [ERROR] CADModel:125 - Updater not yet initialized, retry later 
2024-10-12 20:06:53,367 [FATAL] Updater:334 - Updater called before beeing initialized
2024-10-12 20:06:53,596 [FATAL] Updater:334 - Updater called before beeing initialized
2024-10-12 20:06:53,604 [INFO] DbMcusAds:53 - JSON generation date=Thu Sep 30 08:55:09 CEST 2021 (1632984909247)
2024-10-12 20:06:53,604 [FATAL] Updater:334 - Updater called before beeing initialized
2024-10-12 20:06:53,680 [WARN] DetailPanel:346 - Failed to get advertising image, set to default
2024-10-12 20:06:53,939 [FATAL] Updater:334 - Updater called before beeing initialized
2024-10-12 20:06:53,942 [FATAL] Updater:334 - Updater called before beeing initialized
2024-10-12 20:06:53,942 [FATAL] Updater:334 - Updater called before beeing initialized
2024-10-12 20:06:53,942 [WARN] DetailPanel:346 - Failed to get advertising image, set to default
2024-10-12 20:06:53,946 [FATAL] Updater:334 - Updater called before beeing initialized
2024-10-12 20:06:54,181 [ERROR] Updater:1164 - MainUpdater not yet initialized. External WinMGr cannot be set.
2024-10-12 20:06:54,205 [INFO] Updater:1100 - Updater Version found : 6.12.1
2024-10-12 20:06:54,231 [INFO] ApplicationProperties:184 - Using Application install path: C:\ST\STM32CubeIDE_1.3.0\STM32CubeIDE\plugins\com.st.stm32cube.common.mx_6.12.1.202409122256
2024-10-12 20:06:54,301 [INFO] MainUpdater:526 - Copy updater definitions from MX database
2024-10-12 20:06:54,792 [INFO] MainUpdater:2873 - connection check result : 10
2024-10-12 20:06:54,792 [INFO] MainUpdater:3567 - Updater definition file requires update
2024-10-12 20:06:54,795 [INFO] MainUpdater:290 - Updater Check For Update Now.
2024-10-12 20:06:54,795 [INFO] MicroXplorer:498 - Change Database Version : DB.6.0.121
2024-10-12 20:06:54,853 [INFO] McuFinderGlobals:63 - Set McuFinder mode to 2 (CubeIDE integrated)
2024-10-12 20:06:54,853 [INFO] UserAuth:179 - activating auth plugin
2024-10-12 20:06:54,883 [INFO] UserAuth:417 - Internet connection configuration mode: 1
2024-10-12 20:06:54,904 [INFO] JxBrowserEngine:152 - Initiate JxBrowser Engine with user profile folder
2024-10-12 20:06:54,934 [INFO] ServerAccessManage:473 - Download File updaters.zip
2024-10-12 20:06:55,272 [INFO] FileExtend:240 - Unzip File : updaters.zip
2024-10-12 20:06:55,273 [INFO] FileExtend:255 - Standard Zip Deflate
2024-10-12 20:06:55,302 [WARN] MainUpdater:1194 - Updater busy. Cannot search thirdparties
2024-10-12 20:06:55,303 [INFO] ThirdPartyUpdaterWithRetryManager:96 - Updater plugin is busy. [1/15]
2024-10-12 20:06:56,377 [INFO] ServerAccessManage:473 - Download File PacksControlFlags.xml
2024-10-12 20:06:56,554 [INFO] ServerAccessManage:473 - Download File cubemx.pidx
2024-10-12 20:06:56,847 [INFO] LoadServerUpdatesThread:375 - End of LoadServerUpdate Thread
2024-10-12 20:06:57,248 [WARN] CheckServerUpdateThread:151 - Open CheckUpdateFile Fail
2024-10-12 20:06:57,457 [INFO] CheckServerUpdateThread:120 - End of CheckServer Thread
2024-10-12 20:06:58,763 [INFO] ThirdParty:978 - Integrity check success = true
2024-10-12 20:06:58,763 [INFO] IntegrityCheckThread:100 - exiting critical section [integrity check]
2024-10-12 20:06:58,764 [INFO] IntegrityCheckThread:103 - End integrity checks thread
2024-10-12 20:07:14,188 [INFO] WebApp:167 - Instantiating new browser for Auth
2024-10-12 20:07:16,754 [INFO] WebApp:448 - Apply proxy settings
2024-10-12 20:07:16,755 [INFO] WebApp:533 - Chromium requires no authentication
2024-10-12 20:07:16,768 [INFO] WebApp:476 - Direct internet connection detected
2024-10-12 20:07:16,837 [INFO] WebApp:869 - Register for checkConnection events
2024-10-12 20:07:16,837 [INFO] WebApp:448 - Apply proxy settings
2024-10-12 20:07:16,837 [INFO] WebApp:533 - Chromium requires no authentication
2024-10-12 20:07:16,838 [INFO] WebApp:476 - Direct internet connection detected
2024-10-12 20:07:17,234 [INFO] WebApp:220 - Starting web application
2024-10-12 20:07:17,234 [INFO] WebApp:578 - Web application path used C:\ST\STM32CubeIDE_1.3.0\STM32CubeIDE\plugins\com.st.stm32cube.common.mx_6.12.1.202409122256\db\plugins\mcufinder\reactClient1\index.html
2024-10-12 20:07:20,530 [INFO] WebApp:186 - Connection restablished
