2024-10-13 18:37:55,818 [INFO] Activator:176 - 


2024-10-13 18:37:55,827 [INFO] Activator:177 - !SESSION log4j initialized
2024-10-13 18:38:16,056 [INFO] LogOutputStream:77 - [STDOUT_REDIRECT] 
2024-10-13 18:39:16,305 [INFO] ApplicationProperties:184 - Using Application install path: C:\ST\STM32CubeIDE_1.3.0\STM32CubeIDE\plugins\com.st.stm32cube.common.mx_6.12.1.202409122256
2024-10-13 18:39:16,337 [INFO] DbMcusXml:78 - Set database path to: C:\ST\STM32CubeIDE_1.3.0\STM32CubeIDE\plugins\com.st.stm32cube.common.mx_6.12.1.202409122256\\db\/mcu/
2024-10-13 18:39:16,337 [INFO] ApiDb:274 - Set plugin database path to: C:\ST\STM32CubeIDE_1.3.0\STM32CubeIDE\plugins\com.st.stm32cube.common.mx_6.12.1.202409122256\\db\/plugins/boardmanager/
2024-10-13 18:39:16,338 [WARN] ApiDb:259 - Overriding images path with different value:  => C:\ST\STM32CubeIDE_1.3.0\STM32CubeIDE\plugins\com.st.stm32cube.common.mx_6.12.1.202409122256\\db\/plugins/mcufinder/images/
2024-10-13 18:39:16,355 [INFO] ApiDb:250 - Set database path to: C:\Users\vahid\.stmcufinder\plugins\mcufinder//mcu/
2024-10-13 18:39:16,357 [INFO] DbMcusAds:125 - Set database path to: C:\Users\vahid\.stmcufinder\plugins\mcufinder//mcu/
2024-10-13 18:39:16,366 [INFO] CrossReferenceDbSqlite:203 - Set database path to: C:\Users\vahid\.stmcufinder\plugins\mcufinder//mcu/cs/
2024-10-13 18:39:16,630 [INFO] RulesReader:64 - Compatibility file has been processed (297 Rules)
2024-10-13 18:39:16,787 [INFO] DbMcusXml:78 - Set database path to: C:\ST\STM32CubeIDE_1.3.0\STM32CubeIDE\plugins\com.st.stm32cube.common.mx_6.12.1.202409122256\\db\/mcu/
2024-10-13 18:39:16,787 [INFO] ApiDb:274 - Set plugin database path to: C:\ST\STM32CubeIDE_1.3.0\STM32CubeIDE\plugins\com.st.stm32cube.common.mx_6.12.1.202409122256\\db\/plugins/boardmanager/
2024-10-13 18:39:16,787 [INFO] ApiDb:261 - Set plugin images path to: C:\ST\STM32CubeIDE_1.3.0\STM32CubeIDE\plugins\com.st.stm32cube.common.mx_6.12.1.202409122256\\db\/plugins/mcufinder/images/
2024-10-13 18:39:16,788 [WARN] DbFile:41 - Overriding database path with different value: C:\Users\vahid\.stmcufinder\plugins\mcufinder/ => C:\Users\vahid\.stmcufinder\plugins\mcufinder
2024-10-13 18:39:16,788 [INFO] ApiDb:250 - Set database path to: C:\Users\vahid\.stmcufinder\plugins\mcufinder//mcu/
2024-10-13 18:39:16,788 [WARN] DbFile:41 - Overriding database path with different value: C:\Users\vahid\.stmcufinder\plugins\mcufinder/ => C:\Users\vahid\.stmcufinder\plugins\mcufinder
2024-10-13 18:39:16,788 [INFO] DbMcusAds:125 - Set database path to: C:\Users\vahid\.stmcufinder\plugins\mcufinder//mcu/
2024-10-13 18:39:16,788 [WARN] DbFile:41 - Overriding database path with different value: C:\Users\vahid\.stmcufinder\plugins\mcufinder/ => C:\Users\vahid\.stmcufinder\plugins\mcufinder
2024-10-13 18:39:16,789 [WARN] DbFile:41 - Overriding database path with different value: C:\Users\vahid\.stmcufinder\plugins\mcufinder/ => C:\Users\vahid\.stmcufinder\plugins\mcufinder
2024-10-13 18:39:16,789 [INFO] CrossReferenceDbSqlite:203 - Set database path to: C:\Users\vahid\.stmcufinder\plugins\mcufinder//mcu/cs/
2024-10-13 18:39:16,969 [INFO] MainPanel:268 - HeapMemory: 591396864
2024-10-13 18:39:17,176 [INFO] DbMcusXml:78 - Set database path to: C:\ST\STM32CubeIDE_1.3.0\STM32CubeIDE\plugins\com.st.stm32cube.common.mx_6.12.1.202409122256\\db\/mcu/
2024-10-13 18:39:17,176 [INFO] ApiDb:274 - Set plugin database path to: C:\ST\STM32CubeIDE_1.3.0\STM32CubeIDE\plugins\com.st.stm32cube.common.mx_6.12.1.202409122256\\db\/plugins/boardmanager/
2024-10-13 18:39:17,176 [INFO] ApiDb:261 - Set plugin images path to: C:\ST\STM32CubeIDE_1.3.0\STM32CubeIDE\plugins\com.st.stm32cube.common.mx_6.12.1.202409122256\\db\/plugins/mcufinder/images/
2024-10-13 18:39:17,177 [WARN] DbFile:41 - Overriding database path with different value: C:\Users\vahid\.stmcufinder\plugins\mcufinder/ => C:\Users\vahid\.stmcufinder\plugins\mcufinder
2024-10-13 18:39:17,177 [INFO] ApiDb:250 - Set database path to: C:\Users\vahid\.stmcufinder\plugins\mcufinder//mcu/
2024-10-13 18:39:17,177 [WARN] DbFile:41 - Overriding database path with different value: C:\Users\vahid\.stmcufinder\plugins\mcufinder/ => C:\Users\vahid\.stmcufinder\plugins\mcufinder
2024-10-13 18:39:17,177 [INFO] DbMcusAds:125 - Set database path to: C:\Users\vahid\.stmcufinder\plugins\mcufinder//mcu/
2024-10-13 18:39:17,178 [WARN] DbFile:41 - Overriding database path with different value: C:\Users\vahid\.stmcufinder\plugins\mcufinder/ => C:\Users\vahid\.stmcufinder\plugins\mcufinder
2024-10-13 18:39:17,178 [WARN] DbFile:41 - Overriding database path with different value: C:\Users\vahid\.stmcufinder\plugins\mcufinder/ => C:\Users\vahid\.stmcufinder\plugins\mcufinder
2024-10-13 18:39:17,178 [INFO] CrossReferenceDbSqlite:203 - Set database path to: C:\Users\vahid\.stmcufinder\plugins\mcufinder//mcu/cs/
2024-10-13 18:39:17,214 [INFO] ApplicationProperties:184 - Using Application install path: C:\ST\STM32CubeIDE_1.3.0\STM32CubeIDE\plugins\com.st.stm32cube.common.mx_6.12.1.202409122256
2024-10-13 18:39:17,217 [INFO] PluginManage:196 - Search for loadable plugins [exclusion list=, ]
2024-10-13 18:39:17,220 [INFO] PluginManage:310 - Check plugin analytics
2024-10-13 18:39:22,064 [INFO] AnalyticsPlugin:253 - Accepted Software Licenses: 
2024-10-13 18:39:22,065 [INFO] AnalyticsPlugin:255 - Accepted CMSIS Pack Licenses: 
2024-10-13 18:39:22,065 [INFO] AnalyticsPlugin:257 - Accepted Firmware Licenses: 
2024-10-13 18:39:22,069 [INFO] PluginManage:359 - Loaded plugin analytics (category:tool,tabindex:-1)
2024-10-13 18:39:22,070 [INFO] PluginManage:310 - Check plugin cadmodel
2024-10-13 18:39:22,098 [INFO] CADModel:105 - Init CAD model plugin
2024-10-13 18:39:22,099 [INFO] PluginManage:359 - Loaded plugin cadmodel (category:power,tabindex:5)
2024-10-13 18:39:22,099 [INFO] PluginManage:310 - Check plugin clock
2024-10-13 18:39:22,136 [INFO] PluginManage:359 - Loaded plugin clock (category:base,tabindex:2)
2024-10-13 18:39:22,136 [INFO] PluginManage:310 - Check plugin ddr
2024-10-13 18:39:22,141 [INFO] PluginManage:359 - Loaded plugin ddr (category:tool,tabindex:6)
2024-10-13 18:39:22,141 [INFO] PluginManage:310 - Check plugin filemanager
2024-10-13 18:39:22,431 [INFO] PluginManage:359 - Loaded plugin filemanager (category:base,tabindex:10)
2024-10-13 18:39:22,431 [INFO] PluginManage:310 - Check plugin ipmanager
2024-10-13 18:39:22,446 [INFO] PluginManage:359 - Loaded plugin ipmanager (category:base,tabindex:5)
2024-10-13 18:39:22,446 [INFO] PluginManage:310 - Check plugin lpbam
2024-10-13 18:39:22,483 [INFO] PluginManage:359 - Loaded plugin lpbam (category:base,tabindex:0)
2024-10-13 18:39:22,483 [INFO] PluginManage:310 - Check plugin memorymap
2024-10-13 18:39:22,532 [INFO] PluginManage:359 - Loaded plugin memorymap (category:base,tabindex:4)
2024-10-13 18:39:22,532 [INFO] PluginManage:310 - Check plugin pinoutandconfiguration
2024-10-13 18:39:22,569 [INFO] PluginManage:359 - Loaded plugin pinoutandconfiguration (category:base,tabindex:1)
2024-10-13 18:39:22,570 [INFO] PluginManage:310 - Check plugin pinoutconfig
2024-10-13 18:39:22,769 [WARN] SupportedApi:132 - Cannot load RTOS API schema: s4s-elt-must-match.1: The content of 'definitions' must match (annotation?, (simpleType | complexType)?, (unique | key | keyref)*)). A problem was found starting at: attribute.
2024-10-13 18:39:23,038 [INFO] PluginManage:359 - Loaded plugin pinoutconfig (category:base,tabindex:0)
2024-10-13 18:39:23,038 [INFO] PluginManage:310 - Check plugin power
2024-10-13 18:39:23,076 [INFO] PluginManage:359 - Loaded plugin power (category:power,tabindex:4)
2024-10-13 18:39:23,076 [INFO] PluginManage:310 - Check plugin projectmanager
2024-10-13 18:39:23,109 [INFO] PluginManage:359 - Loaded plugin projectmanager (category:projectmanager,tabindex:4)
2024-10-13 18:39:23,110 [INFO] PluginManage:310 - Check plugin rif
2024-10-13 18:39:23,143 [INFO] PluginManage:359 - Loaded plugin rif (category:base,tabindex:3)
2024-10-13 18:39:23,144 [INFO] PluginManage:310 - Check plugin thirdparty
2024-10-13 18:39:23,670 [INFO] PluginManage:359 - Loaded plugin thirdparty (category:base,tabindex:-1)
2024-10-13 18:39:23,670 [INFO] PluginManage:310 - Check plugin tools
2024-10-13 18:39:23,669 [WARN] IntegrityCheckThread:84 - waiting for thirdparty lock release [integrity check]
2024-10-13 18:39:23,671 [INFO] IntegrityCheckThread:86 - entering critical section [integrity check]
2024-10-13 18:39:23,672 [INFO] ThirdPartyUpdaterWithRetryManager:70 - Updater plugin not ready yet. [1/15]
2024-10-13 18:39:23,748 [INFO] PluginManage:359 - Loaded plugin tools (category:base,tabindex:7)
2024-10-13 18:39:23,748 [INFO] PluginManage:310 - Check plugin tutovideos
2024-10-13 18:39:24,148 [INFO] PluginManage:359 - Loaded plugin tutovideos (category:base,tabindex:-1)
2024-10-13 18:39:24,148 [INFO] PluginManage:310 - Check plugin updater
2024-10-13 18:39:24,191 [INFO] PluginManage:359 - Loaded plugin updater (category:base,tabindex:12)
2024-10-13 18:39:24,191 [INFO] PluginManage:310 - Check plugin userauth
2024-10-13 18:39:24,201 [INFO] UserAuth:113 - Init User Auth plugin
2024-10-13 18:39:24,201 [INFO] PluginManage:359 - Loaded plugin userauth (category:base,tabindex:14)
2024-10-13 18:39:24,202 [INFO] PluginManage:283 - PluginManage : Loaded plugins [18]
2024-10-13 18:39:24,596 [INFO] PinOutPanel:1561 - setPackage(No Configuration,No Configuration)
2024-10-13 18:39:24,781 [INFO] CADModel:165 - CPN selected for project level
2024-10-13 18:39:24,782 [INFO] CADModel:114 - Register for checkConnection events
2024-10-13 18:39:24,837 [INFO] IPUIPlugin:80 - create IPUIPlugin
2024-10-13 18:39:24,837 [INFO] PluginManager:220 - loadIPPluginJar : add adc
2024-10-13 18:39:24,896 [INFO] IPUIPlugin:80 - create IPUIPlugin
2024-10-13 18:39:24,897 [INFO] PluginManager:220 - loadIPPluginJar : add aes
2024-10-13 18:39:24,968 [INFO] IPUIPlugin:80 - create IPUIPlugin
2024-10-13 18:39:24,969 [INFO] PluginManager:220 - loadIPPluginJar : add can
2024-10-13 18:39:25,018 [INFO] IPUIPlugin:80 - create IPUIPlugin
2024-10-13 18:39:25,019 [INFO] PluginManager:220 - loadIPPluginJar : add comp
2024-10-13 18:39:25,092 [INFO] IPUIPlugin:80 - create IPUIPlugin
2024-10-13 18:39:25,093 [INFO] PluginManager:220 - loadIPPluginJar : add cryp
2024-10-13 18:39:25,113 [INFO] IPUIPlugin:80 - create IPUIPlugin
2024-10-13 18:39:25,113 [INFO] PluginManager:220 - loadIPPluginJar : add ddr_ctrl_phy
2024-10-13 18:39:25,161 [INFO] IPUIPlugin:80 - create IPUIPlugin
2024-10-13 18:39:25,161 [INFO] PluginManager:220 - loadIPPluginJar : add dfsdm
2024-10-13 18:39:25,180 [INFO] IPUIPlugin:80 - create IPUIPlugin
2024-10-13 18:39:25,181 [INFO] PluginManager:220 - loadIPPluginJar : add dma
2024-10-13 18:39:25,253 [INFO] IPUIPlugin:80 - create IPUIPlugin
2024-10-13 18:39:25,253 [INFO] PluginManager:220 - loadIPPluginJar : add dma3
2024-10-13 18:39:25,347 [INFO] IPUIPlugin:80 - create IPUIPlugin
2024-10-13 18:39:25,347 [INFO] PluginManager:220 - loadIPPluginJar : add extmemmanager
2024-10-13 18:39:25,384 [INFO] IPUIPlugin:80 - create IPUIPlugin
2024-10-13 18:39:25,384 [INFO] PluginManager:220 - loadIPPluginJar : add fatfs
2024-10-13 18:39:25,487 [INFO] IPUIPlugin:80 - create IPUIPlugin
2024-10-13 18:39:25,487 [INFO] PluginManager:220 - loadIPPluginJar : add fmc
2024-10-13 18:39:25,515 [INFO] IPUIPlugin:80 - create IPUIPlugin
2024-10-13 18:39:25,515 [INFO] PluginManager:220 - loadIPPluginJar : add freertos
2024-10-13 18:39:25,556 [INFO] IPUIPlugin:80 - create IPUIPlugin
2024-10-13 18:39:25,556 [INFO] PluginManager:220 - loadIPPluginJar : add genericplugin
2024-10-13 18:39:25,749 [INFO] IPUIPlugin:80 - create IPUIPlugin
2024-10-13 18:39:25,750 [INFO] PluginManager:220 - loadIPPluginJar : add gfxmmu
2024-10-13 18:39:26,040 [INFO] IPUIPlugin:80 - create IPUIPlugin
2024-10-13 18:39:26,040 [INFO] PluginManager:220 - loadIPPluginJar : add gic
2024-10-13 18:39:26,067 [INFO] IPUIPlugin:80 - create IPUIPlugin
2024-10-13 18:39:26,067 [INFO] PluginManager:220 - loadIPPluginJar : add gpio
2024-10-13 18:39:26,286 [INFO] IPUIPlugin:80 - create IPUIPlugin
2024-10-13 18:39:26,286 [INFO] PluginManager:220 - loadIPPluginJar : add gtzc
2024-10-13 18:39:26,362 [INFO] IPUIPlugin:80 - create IPUIPlugin
2024-10-13 18:39:26,363 [INFO] PluginManager:220 - loadIPPluginJar : add hash
2024-10-13 18:39:26,481 [INFO] IPUIPlugin:80 - create IPUIPlugin
2024-10-13 18:39:26,481 [INFO] PluginManager:220 - loadIPPluginJar : add i2c
2024-10-13 18:39:26,555 [INFO] IPUIPlugin:80 - create IPUIPlugin
2024-10-13 18:39:26,555 [INFO] PluginManager:220 - loadIPPluginJar : add i2s
2024-10-13 18:39:26,647 [INFO] IPUIPlugin:80 - create IPUIPlugin
2024-10-13 18:39:26,648 [INFO] PluginManager:220 - loadIPPluginJar : add i3c
2024-10-13 18:39:26,673 [INFO] ThirdPartyUpdaterWithRetryManager:70 - Updater plugin not ready yet. [2/15]
2024-10-13 18:39:26,866 [INFO] IPUIPlugin:80 - create IPUIPlugin
2024-10-13 18:39:26,866 [INFO] PluginManager:220 - loadIPPluginJar : add ipddr
2024-10-13 18:39:27,012 [INFO] IPUIPlugin:80 - create IPUIPlugin
2024-10-13 18:39:27,012 [INFO] PluginManager:220 - loadIPPluginJar : add linkedlist
2024-10-13 18:39:27,060 [INFO] IPUIPlugin:80 - create IPUIPlugin
2024-10-13 18:39:27,061 [INFO] PluginManager:220 - loadIPPluginJar : add lorawan
2024-10-13 18:39:27,125 [INFO] IPUIPlugin:80 - create IPUIPlugin
2024-10-13 18:39:27,125 [INFO] PluginManager:220 - loadIPPluginJar : add ltdc
2024-10-13 18:39:27,144 [INFO] IPUIPlugin:80 - create IPUIPlugin
2024-10-13 18:39:27,145 [INFO] PluginManager:220 - loadIPPluginJar : add mdma
2024-10-13 18:39:27,167 [INFO] IPUIPlugin:80 - create IPUIPlugin
2024-10-13 18:39:27,167 [INFO] PluginManager:220 - loadIPPluginJar : add nvic
2024-10-13 18:39:27,243 [INFO] IPUIPlugin:80 - create IPUIPlugin
2024-10-13 18:39:27,243 [INFO] PluginManager:220 - loadIPPluginJar : add opamp
2024-10-13 18:39:27,366 [INFO] IPUIPlugin:80 - create IPUIPlugin
2024-10-13 18:39:27,366 [INFO] PluginManager:220 - loadIPPluginJar : add openamp
2024-10-13 18:39:27,443 [INFO] IPUIPlugin:80 - create IPUIPlugin
2024-10-13 18:39:27,443 [INFO] PluginManager:220 - loadIPPluginJar : add pdm2pcm
2024-10-13 18:39:27,465 [INFO] IPUIPlugin:80 - create IPUIPlugin
2024-10-13 18:39:27,469 [INFO] PluginManager:220 - loadIPPluginJar : add plateformsettings
2024-10-13 18:39:27,515 [INFO] IPUIPlugin:80 - create IPUIPlugin
2024-10-13 18:39:27,516 [INFO] PluginManager:220 - loadIPPluginJar : add quadspi
2024-10-13 18:39:27,561 [INFO] IPUIPlugin:80 - create IPUIPlugin
2024-10-13 18:39:27,562 [INFO] PluginManager:220 - loadIPPluginJar : add radio
2024-10-13 18:39:27,586 [INFO] IPUIPlugin:80 - create IPUIPlugin
2024-10-13 18:39:27,586 [INFO] PluginManager:220 - loadIPPluginJar : add resmgrutility
2024-10-13 18:39:27,702 [INFO] IPUIPlugin:80 - create IPUIPlugin
2024-10-13 18:39:27,702 [INFO] PluginManager:220 - loadIPPluginJar : add sai
2024-10-13 18:39:27,773 [INFO] IPUIPlugin:80 - create IPUIPlugin
2024-10-13 18:39:27,773 [INFO] PluginManager:220 - loadIPPluginJar : add spi
2024-10-13 18:39:27,910 [INFO] IPUIPlugin:80 - create IPUIPlugin
2024-10-13 18:39:27,910 [INFO] PluginManager:220 - loadIPPluginJar : add stm32_wpan
2024-10-13 18:39:27,960 [INFO] IPUIPlugin:80 - create IPUIPlugin
2024-10-13 18:39:27,960 [INFO] PluginManager:220 - loadIPPluginJar : add tim
2024-10-13 18:39:28,062 [INFO] IPUIPlugin:80 - create IPUIPlugin
2024-10-13 18:39:28,062 [INFO] PluginManager:220 - loadIPPluginJar : add touchsensing
2024-10-13 18:39:28,102 [INFO] IPUIPlugin:80 - create IPUIPlugin
2024-10-13 18:39:28,103 [INFO] PluginManager:220 - loadIPPluginJar : add tracer_emb
2024-10-13 18:39:28,154 [INFO] IPUIPlugin:80 - create IPUIPlugin
2024-10-13 18:39:28,155 [INFO] PluginManager:220 - loadIPPluginJar : add ts
2024-10-13 18:39:28,198 [INFO] IPUIPlugin:80 - create IPUIPlugin
2024-10-13 18:39:28,198 [INFO] PluginManager:220 - loadIPPluginJar : add tsc
2024-10-13 18:39:28,237 [INFO] IPUIPlugin:80 - create IPUIPlugin
2024-10-13 18:39:28,237 [INFO] PluginManager:220 - loadIPPluginJar : add ucpd
2024-10-13 18:39:28,327 [INFO] IPUIPlugin:80 - create IPUIPlugin
2024-10-13 18:39:28,327 [INFO] PluginManager:220 - loadIPPluginJar : add usart
2024-10-13 18:39:28,405 [INFO] IPUIPlugin:80 - create IPUIPlugin
2024-10-13 18:39:28,406 [INFO] PluginManager:220 - loadIPPluginJar : add usbx
2024-10-13 18:39:28,599 [INFO] CADModel:165 - CPN selected for project level
2024-10-13 18:39:28,599 [INFO] CADModel:114 - Register for checkConnection events
2024-10-13 18:39:28,599 [FATAL] Updater:334 - Updater called before beeing initialized
2024-10-13 18:39:28,600 [ERROR] CADModel:125 - Updater not yet initialized, retry later 
2024-10-13 18:39:28,800 [INFO] CADModel:165 - CPN selected for project level
2024-10-13 18:39:28,800 [INFO] CADModel:114 - Register for checkConnection events
2024-10-13 18:39:28,800 [FATAL] Updater:334 - Updater called before beeing initialized
2024-10-13 18:39:28,800 [ERROR] CADModel:125 - Updater not yet initialized, retry later 
2024-10-13 18:39:28,806 [FATAL] Updater:334 - Updater called before beeing initialized
2024-10-13 18:39:29,009 [FATAL] Updater:334 - Updater called before beeing initialized
2024-10-13 18:39:29,029 [INFO] DbMcusAds:53 - JSON generation date=Thu Sep 30 08:55:09 CEST 2021 (1632984909247)
2024-10-13 18:39:29,030 [FATAL] Updater:334 - Updater called before beeing initialized
2024-10-13 18:39:29,111 [WARN] DetailPanel:346 - Failed to get advertising image, set to default
2024-10-13 18:39:29,321 [FATAL] Updater:334 - Updater called before beeing initialized
2024-10-13 18:39:29,323 [FATAL] Updater:334 - Updater called before beeing initialized
2024-10-13 18:39:29,324 [FATAL] Updater:334 - Updater called before beeing initialized
2024-10-13 18:39:29,324 [WARN] DetailPanel:346 - Failed to get advertising image, set to default
2024-10-13 18:39:29,326 [FATAL] Updater:334 - Updater called before beeing initialized
2024-10-13 18:39:29,443 [ERROR] Updater:1164 - MainUpdater not yet initialized. External WinMGr cannot be set.
2024-10-13 18:39:29,460 [INFO] Updater:1100 - Updater Version found : 6.12.1
2024-10-13 18:39:29,490 [INFO] ApplicationProperties:184 - Using Application install path: C:\ST\STM32CubeIDE_1.3.0\STM32CubeIDE\plugins\com.st.stm32cube.common.mx_6.12.1.202409122256
2024-10-13 18:39:29,674 [INFO] ThirdPartyUpdaterWithRetryManager:70 - Updater plugin not ready yet. [3/15]
2024-10-13 18:39:30,001 [INFO] MainUpdater:2873 - connection check result : 10
2024-10-13 18:39:30,002 [INFO] MainUpdater:290 - Updater Check For Update Now.
2024-10-13 18:39:30,003 [INFO] MicroXplorer:498 - Change Database Version : DB.6.0.121
2024-10-13 18:39:30,086 [INFO] McuFinderGlobals:63 - Set McuFinder mode to 2 (CubeIDE integrated)
2024-10-13 18:39:30,086 [INFO] UserAuth:179 - activating auth plugin
2024-10-13 18:39:30,105 [INFO] UserAuth:417 - Internet connection configuration mode: 1
2024-10-13 18:39:30,200 [INFO] JxBrowserEngine:152 - Initiate JxBrowser Engine with user profile folder
2024-10-13 18:39:30,415 [INFO] CheckServerUpdateThread:120 - End of CheckServer Thread
2024-10-13 18:39:33,117 [INFO] ThirdParty:978 - Integrity check success = true
2024-10-13 18:39:33,118 [INFO] IntegrityCheckThread:100 - exiting critical section [integrity check]
2024-10-13 18:39:33,118 [INFO] IntegrityCheckThread:103 - End integrity checks thread
2024-10-13 18:39:43,512 [INFO] WebApp:167 - Instantiating new browser for Auth
2024-10-13 18:39:46,313 [INFO] WebApp:448 - Apply proxy settings
2024-10-13 18:39:46,313 [INFO] WebApp:533 - Chromium requires no authentication
2024-10-13 18:39:46,414 [INFO] WebApp:476 - Direct internet connection detected
2024-10-13 18:39:46,533 [INFO] WebApp:869 - Register for checkConnection events
2024-10-13 18:39:46,533 [INFO] WebApp:448 - Apply proxy settings
2024-10-13 18:39:46,533 [INFO] WebApp:533 - Chromium requires no authentication
2024-10-13 18:39:46,534 [INFO] WebApp:476 - Direct internet connection detected
2024-10-13 18:39:47,222 [INFO] WebApp:220 - Starting web application
2024-10-13 18:39:47,222 [INFO] WebApp:578 - Web application path used C:\ST\STM32CubeIDE_1.3.0\STM32CubeIDE\plugins\com.st.stm32cube.common.mx_6.12.1.202409122256\db\plugins\mcufinder\reactClient1\index.html
2024-10-13 18:39:48,905 [INFO] WebApp:186 - Connection restablished
