18:40:56 **** Incremental Build of configuration Debug for project 3_GPIO_bsrr ****
make -j4 all 
arm-none-eabi-gcc "../Src/sysmem.c" -mcpu=cortex-m4 -std=gnu11 -g3 -DSTM32 -DSTM32F401RETx -DSTM32F4 -DDEBUG -DSTM32F401xE -c -I../Inc -I"C:/Users/vahid/Desktop/STM32F401/chip_headers/CMSIS/Device/ST/STM32F4xx/Include" -I"C:/Users/vahid/Desktop/STM32F401/chip_headers/CMSIS/Include" -O0 -ffunction-sections -fdata-sections -Wall -fstack-usage -fcyclomatic-complexity -MMD -MP -MF"Src/sysmem.d" -MT"Src/sysmem.o" --specs=nano.specs -mfpu=fpv4-sp-d16 -mfloat-abi=hard -mthumb -o "Src/sysmem.o"
../Src/sysmem.c:38:1: error: unknown type name 'caddr_t'
   38 | caddr_t _sbrk(int incr)
      | ^~~~~~~
../Src/sysmem.c: In function '_sbrk':
../Src/sysmem.c:51:25: error: 'caddr_t' undeclared (first use in this function)
   51 |                 return (caddr_t) -1;
      |                         ^~~~~~~
../Src/sysmem.c:51:25: note: each undeclared identifier is reported only once for each function it appears in
../Src/sysmem.c:56:25: error: expected ';' before 'prev_heap_end'
   56 |         return (caddr_t) prev_heap_end;
      |                         ^~~~~~~~~~~~~~
      |                         ;
../Src/sysmem.c:42:15: warning: variable 'prev_heap_end' set but not used [-Wunused-but-set-variable]
   42 |         char *prev_heap_end;
      |               ^~~~~~~~~~~~~
../Src/sysmem.c:57:1: warning: control reaches end of non-void function [-Wreturn-type]
   57 | }
      | ^
make: *** [Src/subdir.mk:25: Src/sysmem.o] Error 1
"make -j4 all" terminated with exit code 2. Build might be incomplete.

18:40:57 Build Failed. 4 errors, 2 warnings. (took 1s.488ms)

